<?xml version="1.0" encoding="UTF-8"?>
<!-- Generated by org.testng.reporters.JUnitReportReporter -->
<testsuite hostname="DESKTOP-2HK531F" failures="0" tests="4" name="FlipkartTestNGStep.TestMobileNames" time="33.268" errors="0" timestamp="2024-04-07T19:07:13 IST" skipped="0">
  <testcase classname="FlipkartTestNGStep.TestMobileNames" name="searchBar" time="9.386"/>
  <testcase classname="FlipkartTestNGStep.TestMobileNames" name="searchBar" time="6.050"/>
  <testcase classname="FlipkartTestNGStep.TestMobileNames" name="mobileName" time="15.681"/>
  <testcase classname="FlipkartTestNGStep.TestMobileNames" name="mobileName" time="2.151"/>
</testsuite> <!-- FlipkartTestNGStep.TestMobileNames -->
